index: 1
kmerIdx: 1505002
index: 2
kmerIdx: 1505917
index: 4
kmerIdx: 1506898
index: 6
kmerIdx: 1507518
index: 7
kmerIdx: 1507592
index: 10
kmerIdx: 1508242
index: 12
kmerIdx: 1508879
index: 18
kmerIdx: 1510432
index: 20
kmerIdx: 1511699
index: 22
kmerIdx: 1512377
index: 29
kmerIdx: 1515545
index: 31
kmerIdx: 1516195
index: 39
kmerIdx: 1518281
index: 40
kmerIdx: 1518408
index: 44
kmerIdx: 1519656
index: 46
kmerIdx: 1520942
index: 48
kmerIdx: 1521969
index: 50
kmerIdx: 1522274
index: 53
kmerIdx: 1522759
index: 56
kmerIdx: 1523497
index: 59
kmerIdx: 1524111
index: 61
kmerIdx: 1524525
index: 67
kmerIdx: 1526108
index: 71
kmerIdx: 1526959
index: 72
kmerIdx: 1527031
index: 79
kmerIdx: 1528300
index: 84
kmerIdx: 1529847
index: 85
kmerIdx: 1529988
index: 87
kmerIdx: 1530285
index: 90
kmerIdx: 1530729
index: 91
kmerIdx: 1531047
index: 93
kmerIdx: 1531985
index: 95
kmerIdx: 1532815
index: 100
kmerIdx: 1534923
index: 101
kmerIdx: 1535076
index: 102
kmerIdx: 1535455
index: 105
kmerIdx: 1536369
index: 107
kmerIdx: 1536901
index: 110
kmerIdx: 1538273
index: 111
kmerIdx: 1538637
index: 117
kmerIdx: 1540996
index: 120
kmerIdx: 1543270
index: 124
kmerIdx: 1544140
index: 125
kmerIdx: 1544516
index: 128
kmerIdx: 1545229
index: 130
kmerIdx: 1545829
index: 131
kmerIdx: 1546283
index: 134
kmerIdx: 1547440
index: 136
kmerIdx: 1547880
index: 137
kmerIdx: 1548117
index: 140
kmerIdx: 1548781
index: 141
kmerIdx: 1549023
index: 146
kmerIdx: 1550667
index: 149
kmerIdx: 1552795
index: 151
kmerIdx: 1553236
index: 154
kmerIdx: 1554488
index: 156
kmerIdx: 1554841
index: 157
kmerIdx: 1555004
index: 161
kmerIdx: 1555887
index: 163
kmerIdx: 1556634
index: 165
kmerIdx: 1557064
index: 167
kmerIdx: 1557426
index: 168
kmerIdx: 1558342
index: 169
kmerIdx: 1558362
index: 172
kmerIdx: 1559409
index: 173
kmerIdx: 1559630
index: 176
kmerIdx: 1560743
index: 182
kmerIdx: 1562893
index: 183
kmerIdx: 1563509
index: 186
kmerIdx: 1564797
index: 188
kmerIdx: 1565466
index: 190
kmerIdx: 1566295
index: 193
kmerIdx: 1567458
index: 194
kmerIdx: 1568261
index: 197
kmerIdx: 1569425
index: 199
kmerIdx: 1569904
index: 200
kmerIdx: 1570764
index: 202
kmerIdx: 1571214
index: 207
kmerIdx: 1572255
index: 209
kmerIdx: 1573397
index: 210
kmerIdx: 1574605
index: 212
kmerIdx: 1575585
index: 216
kmerIdx: 1576905
index: 219
kmerIdx: 1577702
index: 220
kmerIdx: 1578186
index: 222
kmerIdx: 1579010
index: 229
kmerIdx: 1581847
index: 230
kmerIdx: 1582658
index: 233
kmerIdx: 1583510
index: 239
kmerIdx: 1585225
index: 242
kmerIdx: 1586109
index: 244
kmerIdx: 1587494
index: 246
kmerIdx: 1589043
index: 247
kmerIdx: 1590047
index: 248
kmerIdx: 1590265
index: 253
kmerIdx: 1592114
index: 254
kmerIdx: 1592221
index: 257
kmerIdx: 1593253
index: 258
kmerIdx: 1593773
index: 259
kmerIdx: 1593936
index: 260
kmerIdx: 1594105
index: 263
kmerIdx: 1595460
index: 264
kmerIdx: 1595497
index: 267
kmerIdx: 1596196
index: 269
kmerIdx: 1596457
index: 271
kmerIdx: 1596813
index: 272
kmerIdx: 1597022
index: 274
kmerIdx: 1597540
index: 276
kmerIdx: 1597749
index: 277
kmerIdx: 1597833
index: 278
kmerIdx: 1598743
index: 279
kmerIdx: 1599311
index: 283
kmerIdx: 1600110
index: 284
kmerIdx: 1600137
index: 285
kmerIdx: 1600431
index: 290
kmerIdx: 1602175
index: 291
kmerIdx: 1602654
index: 293
kmerIdx: 1602931
index: 294
kmerIdx: 1603466
index: 299
kmerIdx: 1605542
index: 300
kmerIdx: 1606123
index: 303
kmerIdx: 1607239
index: 307
kmerIdx: 1609473
index: 310
kmerIdx: 1609900
index: 311
kmerIdx: 1610214
index: 312
kmerIdx: 1610290
index: 315
kmerIdx: 1610732
index: 316
kmerIdx: 1610806
index: 318
kmerIdx: 1611166
index: 319
kmerIdx: 1611832
index: 320
kmerIdx: 1612093
index: 321
kmerIdx: 1612197
index: 323
kmerIdx: 1613003
index: 325
kmerIdx: 1613366
index: 327
kmerIdx: 1613976
index: 329
kmerIdx: 1614809
index: 331
kmerIdx: 1615290
index: 332
kmerIdx: 1616119
index: 335
kmerIdx: 1616956
index: 338
kmerIdx: 1618138
index: 340
kmerIdx: 1619113
index: 344
kmerIdx: 1619993
index: 346
kmerIdx: 1621116
index: 347
kmerIdx: 1621377
index: 349
kmerIdx: 1622254
index: 350
kmerIdx: 1622887
index: 351
kmerIdx: 1622947
index: 354
kmerIdx: 1623654
index: 358
kmerIdx: 1624394
index: 359
kmerIdx: 1625284
index: 361
kmerIdx: 1626276
index: 363
kmerIdx: 1627618
index: 365
kmerIdx: 1628878
index: 367
kmerIdx: 1629245
index: 369
kmerIdx: 1629671
index: 370
kmerIdx: 1629713
index: 372
kmerIdx: 1629890
index: 374
kmerIdx: 1630308
index: 375
kmerIdx: 1630348
index: 376
kmerIdx: 1630602
index: 380
kmerIdx: 1631681
index: 382
kmerIdx: 1632247
index: 384
kmerIdx: 1632961
index: 386
kmerIdx: 1633721
index: 387
kmerIdx: 1634277
index: 388
kmerIdx: 1634528
index: 389
kmerIdx: 1634810
index: 392
kmerIdx: 1635217
index: 394
kmerIdx: 1635583
index: 395
kmerIdx: 1635709
index: 396
kmerIdx: 1635924
index: 398
kmerIdx: 1635977
index: 399
kmerIdx: 1636054
index: 400
kmerIdx: 1636578
index: 401
kmerIdx: 1636628
index: 402
kmerIdx: 1636828
index: 406
kmerIdx: 1638034
index: 409
kmerIdx: 1638767
index: 413
kmerIdx: 1640100
index: 415
kmerIdx: 1640870
index: 416
kmerIdx: 1641140
index: 417
kmerIdx: 1641269
index: 420
kmerIdx: 1641998
index: 421
kmerIdx: 1642031
index: 422
kmerIdx: 1642117
index: 423
kmerIdx: 1642183
index: 426
kmerIdx: 1642516
index: 427
kmerIdx: 1643208
index: 428
kmerIdx: 1643426
index: 430
kmerIdx: 1643795
index: 432
kmerIdx: 1644332
index: 434
kmerIdx: 1644938
index: 435
kmerIdx: 1645093
index: 437
kmerIdx: 1645290
index: 438
kmerIdx: 1645424
index: 440
kmerIdx: 1646023
index: 443
kmerIdx: 1647402
index: 444
kmerIdx: 1647539
index: 445
kmerIdx: 1647820
index: 446
kmerIdx: 1648397
index: 447
kmerIdx: 1648673
index: 451
kmerIdx: 1649783
index: 452
kmerIdx: 1649844
index: 453
kmerIdx: 1650449
index: 454
kmerIdx: 1650502
index: 455
kmerIdx: 1651316
index: 456
kmerIdx: 1651524
index: 457
kmerIdx: 1651871
index: 460
kmerIdx: 1652954
index: 462
kmerIdx: 1653446
index: 463
kmerIdx: 1654026
index: 466
kmerIdx: 1655258
index: 468
kmerIdx: 1656242
index: 469
kmerIdx: 1656371
index: 470
kmerIdx: 1657333
index: 471
kmerIdx: 1657658
index: 473
kmerIdx: 1657889
index: 474
kmerIdx: 1657943
index: 476
kmerIdx: 1658337
index: 477
kmerIdx: 1658791
index: 478
kmerIdx: 1659071
index: 480
kmerIdx: 1659149
index: 481
kmerIdx: 1659419
index: 482
kmerIdx: 1659620
index: 484
kmerIdx: 1660332
index: 486
kmerIdx: 1660689
index: 487
kmerIdx: 1661197
index: 489
kmerIdx: 1661495
index: 490
kmerIdx: 1662144
index: 493
kmerIdx: 1662720
index: 494
kmerIdx: 1663678
index: 496
kmerIdx: 1663898
index: 497
kmerIdx: 1664043
index: 499
kmerIdx: 1664653
index: 500
kmerIdx: 1664803
index: 501
kmerIdx: 1665072
index: 502
kmerIdx: 1665455
index: 504
kmerIdx: 1665746
index: 505
kmerIdx: 1665801
index: 507
kmerIdx: 1666024
index: 508
kmerIdx: 1666444
index: 509
kmerIdx: 1666857
index: 511
kmerIdx: 1667166
index: 512
kmerIdx: 1667320
index: 513
kmerIdx: 1667635
index: 514
kmerIdx: 1667718
index: 515
kmerIdx: 1668073
index: 517
kmerIdx: 1668758
index: 518
kmerIdx: 1668842
index: 519
kmerIdx: 1668971
index: 522
kmerIdx: 1669230
index: 523
kmerIdx: 1669436
index: 524
kmerIdx: 1669579
index: 525
kmerIdx: 1669762
index: 526
kmerIdx: 1669791
index: 527
kmerIdx: 1670017
index: 530
kmerIdx: 1670379
index: 533
kmerIdx: 1671956
index: 535
kmerIdx: 1672810
index: 536
kmerIdx: 1673120
index: 538
kmerIdx: 1673406
index: 540
kmerIdx: 1673634
index: 541
kmerIdx: 1673719
index: 542
kmerIdx: 1674130
index: 545
kmerIdx: 1674459
index: 546
kmerIdx: 1674883
index: 547
kmerIdx: 1675001
index: 549
kmerIdx: 1675259
index: 550
kmerIdx: 1675632
index: 551
kmerIdx: 1675742
index: 552
kmerIdx: 1675828
index: 553
kmerIdx: 1675918
index: 554
kmerIdx: 1676407
index: 558
kmerIdx: 1676902
index: 559
kmerIdx: 1677224
index: 561
kmerIdx: 1677838
index: 562
kmerIdx: 1677942
index: 563
kmerIdx: 1678297
index: 564
kmerIdx: 1678355
index: 566
kmerIdx: 1678433
index: 568
kmerIdx: 1678972
index: 569
kmerIdx: 1679024
index: 570
kmerIdx: 1679241
index: 571
kmerIdx: 1679467
index: 572
kmerIdx: 1679802
index: 573
kmerIdx: 1680020
index: 575
kmerIdx: 1680113
index: 577
kmerIdx: 1680652
index: 579
kmerIdx: 1681233
index: 582
kmerIdx: 1681296
index: 584
kmerIdx: 1681691
index: 586
kmerIdx: 1681906
index: 587
kmerIdx: 1681960
index: 588
kmerIdx: 1682156
index: 589
kmerIdx: 1682950
index: 591
kmerIdx: 1683165
index: 593
kmerIdx: 1683789
index: 595
kmerIdx: 1684085
index: 596
kmerIdx: 1684393
index: 599
kmerIdx: 1684652
index: 600
kmerIdx: 1684688
index: 601
kmerIdx: 1685025
index: 602
kmerIdx: 1685053
index: 603
kmerIdx: 1685113
index: 604
kmerIdx: 1685186
index: 606
kmerIdx: 1685209
index: 608
kmerIdx: 1685464
index: 609
kmerIdx: 1685562
index: 610
kmerIdx: 1685631
index: 611
kmerIdx: 1685830
index: 612
kmerIdx: 1686178
index: 614
kmerIdx: 1686446
index: 615
kmerIdx: 1686604
index: 616
kmerIdx: 1686992
index: 621
kmerIdx: 1687978
index: 623
kmerIdx: 1688108
index: 624
kmerIdx: 1688134
index: 625
kmerIdx: 1688172
index: 626
kmerIdx: 1688464
index: 627
kmerIdx: 1688603
index: 628
kmerIdx: 1688723
index: 630
kmerIdx: 1688928
index: 631
kmerIdx: 1689175
index: 633
kmerIdx: 1689422
index: 634
kmerIdx: 1689667
index: 636
kmerIdx: 1689746
index: 637
kmerIdx: 1689814
index: 638
kmerIdx: 1689840
index: 639
kmerIdx: 1689869
index: 640
kmerIdx: 1689894
index: 642
kmerIdx: 1690491
index: 643
kmerIdx: 1690662
index: 644
kmerIdx: 1690687
index: 646
kmerIdx: 1690870
index: 647
kmerIdx: 1690914
index: 649
kmerIdx: 1691038
index: 650
kmerIdx: 1691211
index: 651
kmerIdx: 1691234
index: 652
kmerIdx: 1691281
index: 655
kmerIdx: 1691454
index: 656
kmerIdx: 1691613
index: 657
kmerIdx: 1691856
index: 658
kmerIdx: 1691987
index: 659
kmerIdx: 1692122
index: 660
kmerIdx: 1692173
index: 662
kmerIdx: 1692482
index: 665
kmerIdx: 1692772
index: 666
kmerIdx: 1692948
index: 667
kmerIdx: 1692998
index: 668
kmerIdx: 1693057
index: 669
kmerIdx: 1693098
index: 670
kmerIdx: 1693122
index: 671
kmerIdx: 1693177
index: 672
kmerIdx: 1693230
index: 673
kmerIdx: 1693260
index: 674
kmerIdx: 1693303
index: 675
kmerIdx: 1693337
index: 676
kmerIdx: 1693399
index: 677
kmerIdx: 1693419
index: 679
kmerIdx: 1693457
index: 680
kmerIdx: 1693488
index: 681
kmerIdx: 1693753
index: 682
kmerIdx: 1693969
index: 683
kmerIdx: 1694034
index: 684
kmerIdx: 1694172
index: 685
kmerIdx: 1694192
index: 687
kmerIdx: 1694217
index: 688
kmerIdx: 1694358
index: 689
kmerIdx: 1694464
index: 692
kmerIdx: 1694803
index: 693
kmerIdx: 1694851
index: 694
kmerIdx: 1695124
index: 695
kmerIdx: 1695154
index: 696
kmerIdx: 1695299
index: 697
kmerIdx: 1695348
index: 698
kmerIdx: 1695377
index: 699
kmerIdx: 1695822
index: 700
kmerIdx: 1695906
index: 702
kmerIdx: 1696035
index: 703
kmerIdx: 1696264
index: 704
kmerIdx: 1696455
index: 705
kmerIdx: 1696668
index: 706
kmerIdx: 1696819
index: 707
kmerIdx: 1696859
index: 709
kmerIdx: 1696925
index: 710
kmerIdx: 1697048
index: 711
kmerIdx: 1697069
index: 712
kmerIdx: 1697311
index: 714
kmerIdx: 1697411
index: 715
kmerIdx: 1697654
index: 716
kmerIdx: 1697683
index: 717
kmerIdx: 1697705
index: 718
kmerIdx: 1697741
index: 719
kmerIdx: 1697845
index: 721
kmerIdx: 1697953
index: 722
kmerIdx: 1698070
index: 723
kmerIdx: 1698098
index: 724
kmerIdx: 1698181
index: 726
kmerIdx: 1698325
index: 727
kmerIdx: 1698405
index: 728
kmerIdx: 1698478
index: 729
kmerIdx: 1698580
index: 730
kmerIdx: 1698687
index: 731
kmerIdx: 1698823
index: 732
kmerIdx: 1698879
index: 734
kmerIdx: 1698931
index: 735
kmerIdx: 1698986
index: 736
kmerIdx: 1699070
index: 737
kmerIdx: 1699188
index: 738
kmerIdx: 1699300
index: 739
kmerIdx: 1699440
index: 740
kmerIdx: 1699500
index: 742
kmerIdx: 1699609
index: 744
kmerIdx: 1699779
index: 746
kmerIdx: 1699829
index: 747
kmerIdx: 1699932
index: 748
kmerIdx: 1700305
index: 749
kmerIdx: 1700359
index: 750
kmerIdx: 1700384
index: 751
kmerIdx: 1700444
index: 752
kmerIdx: 1700509
index: 753
kmerIdx: 1700582
index: 754
kmerIdx: 1700620
index: 755
kmerIdx: 1700715
index: 756
kmerIdx: 1700763
index: 757
kmerIdx: 1700794
index: 758
kmerIdx: 1700825
index: 759
kmerIdx: 1700850
index: 760
kmerIdx: 1700915
index: 761
kmerIdx: 1701003
index: 762
kmerIdx: 1701043
index: 763
kmerIdx: 1701086
index: 764
kmerIdx: 1701122
index: 765
kmerIdx: 1701153
index: 766
kmerIdx: 1701191
index: 767
kmerIdx: 1701223
index: 768
kmerIdx: 1701437
index: 770
kmerIdx: 1701476
index: 771
kmerIdx: 1701601
index: 772
kmerIdx: 1701683
index: 773
kmerIdx: 1701713
index: 774
kmerIdx: 1701755
index: 776
kmerIdx: 1701822
index: 777
kmerIdx: 1701848
index: 778
kmerIdx: 1701876
index: 779
kmerIdx: 1701963
index: 780
kmerIdx: 1702008
index: 781
kmerIdx: 1702048
index: 782
kmerIdx: 1702069
index: 783
kmerIdx: 1702125
index: 784
kmerIdx: 1702239
index: 785
kmerIdx: 1702289
index: 786
kmerIdx: 1702311
index: 787
kmerIdx: 1702333
index: 788
kmerIdx: 1702357
index: 789
kmerIdx: 1702404
index: 790
kmerIdx: 1702454
index: 791
kmerIdx: 1702483
index: 792
kmerIdx: 1702508
index: 793
kmerIdx: 1702579
index: 794
kmerIdx: 1702601
index: 795
kmerIdx: 1702656
index: 796
kmerIdx: 1702715
index: 797
kmerIdx: 1702737
index: 798
kmerIdx: 1702759
index: 799
kmerIdx: 1702797
index: 800
kmerIdx: 1702846
index: 801
kmerIdx: 1702876
index: 802
kmerIdx: 1702926
index: 803
kmerIdx: 1702947
index: 804
kmerIdx: 1702978
index: 805
kmerIdx: 1703004
index: 806
kmerIdx: 1703026
index: 807
kmerIdx: 1703096
index: 808
kmerIdx: 1703120
index: 809
kmerIdx: 1703140
index: 810
kmerIdx: 1703163
index: 811
kmerIdx: 1703210
index: 812
kmerIdx: 1703241
index: 813
kmerIdx: 1703284
index: 814
kmerIdx: 1703312
index: 815
kmerIdx: 1703332
index: 816
kmerIdx: 1703352
index: 817
kmerIdx: 1703376
index: 818
kmerIdx: 1703396
index: 821
kmerIdx: 1703430
index: 822
kmerIdx: 1703451
index: 823
kmerIdx: 1703476
index: 824
kmerIdx: 1703496
index: 825
kmerIdx: 1703517
index: 826
kmerIdx: 1703545
index: 827
kmerIdx: 1703956
index: 832
kmerIdx: 1705100
index: 835
kmerIdx: 1707687
index: 837
kmerIdx: 1708273
index: 840
kmerIdx: 1709559
index: 842
kmerIdx: 1710804
index: 845
kmerIdx: 1711811
index: 850
kmerIdx: 1713685
index: 855
kmerIdx: 1714946
index: 858
kmerIdx: 1715905
index: 864
kmerIdx: 1719058
index: 872
kmerIdx: 1723072
index: 880
kmerIdx: 1726349
index: 884
kmerIdx: 1728370
index: 889
kmerIdx: 1730179
index: 895
kmerIdx: 1731800
index: 901
kmerIdx: 1733768
index: 905
kmerIdx: 1734798
index: 910
kmerIdx: 1736957
index: 912
kmerIdx: 1737861
index: 916
kmerIdx: 1739280
index: 919
kmerIdx: 1740148
index: 927
kmerIdx: 1744942
index: 932
kmerIdx: 1746552
index: 940
kmerIdx: 1748682
index: 948
kmerIdx: 1751412
index: 952
kmerIdx: 1753187
index: 956
kmerIdx: 1754230
index: 959
kmerIdx: 1754708
index: 962
kmerIdx: 1755954
index: 969
kmerIdx: 1757625
index: 973
kmerIdx: 1758393
index: 978
kmerIdx: 1759644
index: 980
kmerIdx: 1760152
index: 984
kmerIdx: 1760877
index: 985
kmerIdx: 1761082
index: 992
kmerIdx: 1764530
index: 994
kmerIdx: 1765340
index: 999
kmerIdx: 1767333
index: 1003
kmerIdx: 1769639
index: 1004
kmerIdx: 1769867
index: 1006
kmerIdx: 1771103
index: 1009
kmerIdx: 1772217
index: 1012
kmerIdx: 1772850
index: 1015
kmerIdx: 1773871
index: 1024
kmerIdx: 1776961
index: 1041
kmerIdx: 1781421
index: 1045
kmerIdx: 1781834
index: 1050
kmerIdx: 1783243
index: 1058
kmerIdx: 1784983
index: 1064
kmerIdx: 1787193
index: 1068
kmerIdx: 1789587
index: 1083
kmerIdx: 1792683
index: 1090
kmerIdx: 1794947
index: 1102
kmerIdx: 1797243
index: 1108
kmerIdx: 1799661
index: 1114
kmerIdx: 1801503
index: 1129
kmerIdx: 1805925
index: 1136
kmerIdx: 1808249
index: 1139
kmerIdx: 1808597
index: 1142
kmerIdx: 1809234
index: 1144
kmerIdx: 1810078
index: 1160
kmerIdx: 1815023
index: 1185
kmerIdx: 1820326
index: 1193
kmerIdx: 1822153
index: 1194
kmerIdx: 1822318
index: 1195
kmerIdx: 1822447
index: 1209
kmerIdx: 1824597
index: 1228
kmerIdx: 1828621
index: 1252
kmerIdx: 1831988
index: 1286
kmerIdx: 1834922
index: 1389
kmerIdx: 1841538
index: 1411
kmerIdx: 1842262
index: 1413
kmerIdx: 1843612
index: 1417
kmerIdx: 1846277
index: 1419
kmerIdx: 1847845
index: 1420
kmerIdx: 1848325
index: 1422
kmerIdx: 1850118
index: 1431
kmerIdx: 1853732
index: 1433
kmerIdx: 1854403
index: 1438
kmerIdx: 1856935
index: 1443
kmerIdx: 1859479
index: 1447
kmerIdx: 1860789
index: 1452
kmerIdx: 1863175
index: 1453
kmerIdx: 1863952
index: 1459
kmerIdx: 1866788
index: 1461
kmerIdx: 1868247
index: 1462
kmerIdx: 1869929
index: 1463
kmerIdx: 1870247
index: 1467
kmerIdx: 1872327
index: 1474
kmerIdx: 1874741
index: 1476
kmerIdx: 1875128
index: 1478
kmerIdx: 1875530
index: 1481
kmerIdx: 1877196
index: 1482
kmerIdx: 1877314
index: 1489
kmerIdx: 1880684
index: 1491
kmerIdx: 1881952
index: 1495
kmerIdx: 1883420
index: 1500
kmerIdx: 1884853
index: 1506
kmerIdx: 1887026
index: 1508
kmerIdx: 1887255
index: 1510
kmerIdx: 1888085
index: 1519
kmerIdx: 1890694
index: 1525
kmerIdx: 1892802
index: 1526
kmerIdx: 1893459
index: 1529
kmerIdx: 1894432
index: 1531
kmerIdx: 1895605
index: 1534
kmerIdx: 1897934
index: 1535
kmerIdx: 1899124
index: 1538
kmerIdx: 1900579
index: 1544
kmerIdx: 1902604
index: 1547
kmerIdx: 1903219
index: 1552
kmerIdx: 1905045
index: 1560
kmerIdx: 1908966
index: 1564
kmerIdx: 1912355
index: 1569
kmerIdx: 1915113
index: 1571
kmerIdx: 1916058
index: 1572
kmerIdx: 1916216
index: 1589
kmerIdx: 1922997
index: 1590
kmerIdx: 1923641
index: 1591
kmerIdx: 1923868
index: 1596
kmerIdx: 1925376
index: 1601
kmerIdx: 1927683
index: 1612
kmerIdx: 1932830
index: 1616
kmerIdx: 1934300
index: 1617
kmerIdx: 1934415
index: 1623
kmerIdx: 1935878
index: 1627
kmerIdx: 1936793
index: 1638
kmerIdx: 1939164
index: 1641
kmerIdx: 1940273
index: 1642
kmerIdx: 1940459
index: 1645
kmerIdx: 1941523
index: 1650
kmerIdx: 1943386
index: 1651
kmerIdx: 1943761
index: 1653
kmerIdx: 1945436
index: 1660
kmerIdx: 1947439
index: 1664
kmerIdx: 1948280
index: 1666
kmerIdx: 1948671
index: 1667
kmerIdx: 1948926
index: 1670
kmerIdx: 1949691
index: 1675
kmerIdx: 1952187
index: 1676
kmerIdx: 1953022
index: 1680
kmerIdx: 1956612
index: 1683
kmerIdx: 1957150
index: 1686
kmerIdx: 1958592
index: 1688
kmerIdx: 1958896
index: 1689
kmerIdx: 1959154
index: 1691
kmerIdx: 1959698
index: 1695
kmerIdx: 1960877
index: 1697
kmerIdx: 1961398
index: 1698
kmerIdx: 1961607
index: 1700
kmerIdx: 1962703
index: 1705
kmerIdx: 1963789
index: 1710
kmerIdx: 1965365
index: 1714
kmerIdx: 1966360
index: 1716
kmerIdx: 1966636
index: 1718
kmerIdx: 1967038
index: 1722
kmerIdx: 1968263
index: 1724
kmerIdx: 1969091
index: 1726
kmerIdx: 1969425
index: 1732
kmerIdx: 1972171
index: 1733
kmerIdx: 1972219
index: 1735
kmerIdx: 1972714
index: 1739
kmerIdx: 1973760
index: 1741
kmerIdx: 1974372
index: 1748
kmerIdx: 1975943
index: 1749
kmerIdx: 1976064
index: 1750
kmerIdx: 1976367
index: 1754
kmerIdx: 1977594
index: 1764
kmerIdx: 1980274
index: 1765
kmerIdx: 1980716
index: 1767
kmerIdx: 1981251
index: 1771
kmerIdx: 1982197
index: 1776
kmerIdx: 1983094
index: 1789
kmerIdx: 1986082
index: 1798
kmerIdx: 1989334
index: 1802
kmerIdx: 1991313
index: 1813
kmerIdx: 1994287
index: 1824
kmerIdx: 1996365
index: 1826
kmerIdx: 1997038
index: 1830
kmerIdx: 1997535
index: 1833
kmerIdx: 1998451
index: 1834
kmerIdx: 1998545
index: 1836
kmerIdx: 1999083
index: 1841
kmerIdx: 2000132
index: 1844
kmerIdx: 2000738
index: 1845
kmerIdx: 2000867
index: 1851
kmerIdx: 2003341
index: 1853
kmerIdx: 2003642
index: 1855
kmerIdx: 2004092
index: 1861
kmerIdx: 2005524
index: 1865
kmerIdx: 2006731
index: 1869
kmerIdx: 2008082
index: 1872
kmerIdx: 2008662
index: 1877
kmerIdx: 2009565
index: 1882
kmerIdx: 2011293
index: 1885
kmerIdx: 2011752
index: 1887
kmerIdx: 2012377
index: 1893
kmerIdx: 2013473
index: 1915
kmerIdx: 2018035
index: 1926
kmerIdx: 2019749
index: 1932
kmerIdx: 2020812
index: 1935
kmerIdx: 2021677
index: 1947
kmerIdx: 2023381
index: 1960
kmerIdx: 2025152
index: 1965
kmerIdx: 2025957
index: 1969
kmerIdx: 2026492
index: 1979
kmerIdx: 2028575
index: 1989
kmerIdx: 2029927
index: 1998
kmerIdx: 2031381
index: 2010
kmerIdx: 2032717
index: 2013
kmerIdx: 2032889
index: 2050
kmerIdx: 2036353
index: 2060
kmerIdx: 2036861
index: 2061
kmerIdx: 2036962
index: 2096
kmerIdx: 2038866
index: 2111
kmerIdx: 2039350
index: 2121
kmerIdx: 2039740
index: 2148
kmerIdx: 2040581
index: 2151
kmerIdx: 2041767
index: 2152
kmerIdx: 2041988
index: 2153
kmerIdx: 2042170
index: 2155
kmerIdx: 2042478
index: 2160
kmerIdx: 2044236
index: 2161
kmerIdx: 2045029
index: 2162
kmerIdx: 2045540
index: 2163
kmerIdx: 2046258
index: 2165
kmerIdx: 2047594
index: 2167
kmerIdx: 2048272
index: 2168
kmerIdx: 2048654
index: 2172
kmerIdx: 2050050
index: 2174
kmerIdx: 2051900
index: 2177
kmerIdx: 2052825
index: 2180
kmerIdx: 2054650
index: 2186
kmerIdx: 2056095
index: 2187
kmerIdx: 2058374
index: 2189
kmerIdx: 2058684
index: 2190
kmerIdx: 2058907
index: 2192
kmerIdx: 2059801
index: 2195
kmerIdx: 2061656
index: 2196
kmerIdx: 2061843
index: 2199
kmerIdx: 2063648
index: 2201
kmerIdx: 2065338
index: 2202
kmerIdx: 2066169
index: 2205
kmerIdx: 2066725
index: 2206
kmerIdx: 2066876
index: 2208
kmerIdx: 2067552
index: 2209
kmerIdx: 2067678
index: 2212
kmerIdx: 2068330
index: 2214
kmerIdx: 2069070
index: 2216
kmerIdx: 2069949
index: 2218
kmerIdx: 2070667
index: 2219
kmerIdx: 2071185
index: 2221
kmerIdx: 2072278
index: 2224
kmerIdx: 2073998
index: 2225
kmerIdx: 2074703
index: 2226
kmerIdx: 2075679
index: 2229
kmerIdx: 2077306
index: 2235
kmerIdx: 2079549
index: 2236
kmerIdx: 2080253
index: 2238
kmerIdx: 2080534
index: 2240
kmerIdx: 2081082
index: 2243
kmerIdx: 2082469
index: 2246
kmerIdx: 2083627
index: 2247
kmerIdx: 2085043
index: 2248
kmerIdx: 2085489
index: 2250
kmerIdx: 2085877
index: 2251
kmerIdx: 2086161
index: 2252
kmerIdx: 2086693
index: 2255
kmerIdx: 2088039
index: 2256
kmerIdx: 2088481
index: 2258
kmerIdx: 2089601
index: 2260
kmerIdx: 2089964
index: 2261
kmerIdx: 2090369
index: 2263
kmerIdx: 2090940
index: 2265
kmerIdx: 2092019
index: 2272
kmerIdx: 2093166
index: 2274
kmerIdx: 2093864
index: 2276
kmerIdx: 2094104
index: 2278
kmerIdx: 2095104
index: 2280
kmerIdx: 2095828
index: 2285
kmerIdx: 2099044
index: 2288
kmerIdx: 2100738
index: 2289
kmerIdx: 2100897
index: 2291
kmerIdx: 2102696
index: 2294
kmerIdx: 2104072
index: 2297
kmerIdx: 2104536
index: 2299
kmerIdx: 2105282
index: 2302
kmerIdx: 2107197
index: 2304
kmerIdx: 2107750
index: 2306
kmerIdx: 2109055
index: 2312
kmerIdx: 2111269
index: 2315
kmerIdx: 2112134
index: 2317
kmerIdx: 2113653
index: 2320
kmerIdx: 2114531
index: 2321
kmerIdx: 2115452
index: 2322
kmerIdx: 2115895
index: 2323
kmerIdx: 2116405
index: 2326
kmerIdx: 2118057
index: 2335
kmerIdx: 2121217
index: 2339
kmerIdx: 2122542
index: 2341
kmerIdx: 2122916
index: 2342
kmerIdx: 2123068
index: 2344
kmerIdx: 2124100
index: 2346
kmerIdx: 2124625
index: 2349
kmerIdx: 2125531
index: 2350
kmerIdx: 2125984
index: 2351
kmerIdx: 2126035
index: 2355
kmerIdx: 2127892
index: 2357
kmerIdx: 2128691
index: 2359
kmerIdx: 2129224
index: 2360
kmerIdx: 2129403
index: 2364
kmerIdx: 2131233
index: 2365
kmerIdx: 2131777
index: 2369
kmerIdx: 2132923
index: 2370
kmerIdx: 2133036
index: 2372
kmerIdx: 2133755
index: 2373
kmerIdx: 2135976
index: 2374
kmerIdx: 2136248
index: 2376
kmerIdx: 2137064
index: 2377
kmerIdx: 2137544
index: 2379
kmerIdx: 2138353
index: 2380
kmerIdx: 2139429
index: 2382
kmerIdx: 2139736
index: 2384
kmerIdx: 2140060
index: 2386
kmerIdx: 2141340
index: 2387
kmerIdx: 2142231
index: 2389
kmerIdx: 2143316
index: 2390
kmerIdx: 2143963
index: 2395
kmerIdx: 2145279
index: 2396
kmerIdx: 2145318
index: 2400
kmerIdx: 2147196
index: 2402
kmerIdx: 2147731
index: 2403
kmerIdx: 2148102
index: 2404
kmerIdx: 2148124
index: 2407
kmerIdx: 2149477
index: 2408
kmerIdx: 2150468
index: 2410
kmerIdx: 2151576
index: 2412
kmerIdx: 2152691
index: 2414
kmerIdx: 2153446
index: 2415
kmerIdx: 2153656
index: 2422
kmerIdx: 2156272
index: 2424
kmerIdx: 2156485
index: 2425
kmerIdx: 2157142
index: 2426
kmerIdx: 2157264
index: 2429
kmerIdx: 2158834
index: 2431
kmerIdx: 2159259
index: 2434
kmerIdx: 2160440
index: 2436
kmerIdx: 2161078
index: 2438
kmerIdx: 2161262
index: 2440
kmerIdx: 2162241
index: 2441
kmerIdx: 2162362
index: 2442
kmerIdx: 2162497
index: 2444
kmerIdx: 2163140
index: 2449
kmerIdx: 2165078
index: 2452
kmerIdx: 2165822
index: 2454
kmerIdx: 2166533
index: 2455
kmerIdx: 2166566
index: 2457
kmerIdx: 2167334
index: 2460
kmerIdx: 2168191
index: 2461
kmerIdx: 2168414
index: 2466
kmerIdx: 2169935
index: 2467
kmerIdx: 2170112
index: 2468
kmerIdx: 2171185
index: 2470
kmerIdx: 2172314
index: 2472
kmerIdx: 2172827
index: 2474
kmerIdx: 2172980
index: 2475
kmerIdx: 2173080
index: 2477
kmerIdx: 2173844
index: 2482
kmerIdx: 2175112
index: 2483
kmerIdx: 2175373
index: 2486
kmerIdx: 2175827
index: 2488
kmerIdx: 2176235
index: 2491
kmerIdx: 2177037
index: 2496
kmerIdx: 2178080
index: 2497
kmerIdx: 2178584
index: 2498
kmerIdx: 2178803
index: 2500
kmerIdx: 2179006
index: 2501
kmerIdx: 2179192
index: 2504
kmerIdx: 2179924
index: 2506
kmerIdx: 2180133
index: 2507
kmerIdx: 2180473
index: 2509
kmerIdx: 2181577
index: 2510
kmerIdx: 2181700
index: 2511
kmerIdx: 2181796
index: 2514
kmerIdx: 2182396
index: 2515
kmerIdx: 2182802
index: 2516
kmerIdx: 2184082
index: 2518
kmerIdx: 2184374
index: 2520
kmerIdx: 2184887
index: 2521
kmerIdx: 2185245
index: 2523
kmerIdx: 2186544
index: 2526
kmerIdx: 2187194
index: 2528
kmerIdx: 2188469
index: 2529
kmerIdx: 2188872
index: 2530
kmerIdx: 2189591
index: 2532
kmerIdx: 2190251
index: 2533
kmerIdx: 2190356
index: 2536
kmerIdx: 2191043
index: 2537
kmerIdx: 2191121
index: 2538
kmerIdx: 2191277
index: 2540
kmerIdx: 2192024
index: 2542
kmerIdx: 2192402
index: 2544
kmerIdx: 2192874
index: 2546
kmerIdx: 2193124
index: 2549
kmerIdx: 2193959
index: 2550
kmerIdx: 2194427
index: 2552
kmerIdx: 2195393
index: 2554
kmerIdx: 2195606
index: 2556
kmerIdx: 2196012
index: 2559
kmerIdx: 2196676
index: 2560
kmerIdx: 2197294
index: 2561
kmerIdx: 2197336
index: 2563
kmerIdx: 2198478
index: 2564
kmerIdx: 2199149
index: 2565
kmerIdx: 2199730
index: 2567
kmerIdx: 2200338
index: 2568
kmerIdx: 2200933
index: 2569
kmerIdx: 2200978
index: 2571
kmerIdx: 2201231
index: 2573
kmerIdx: 2201296
index: 2576
kmerIdx: 2203129
index: 2579
kmerIdx: 2203631
index: 2580
kmerIdx: 2203704
index: 2583
kmerIdx: 2204397
index: 2584
kmerIdx: 2204586
index: 2585
kmerIdx: 2204910
index: 2586
kmerIdx: 2204974
index: 2588
kmerIdx: 2205434
index: 2589
kmerIdx: 2205883
index: 2590
kmerIdx: 2206485
index: 2592
kmerIdx: 2206886
index: 2593
kmerIdx: 2206945
index: 2594
kmerIdx: 2207255
index: 2596
kmerIdx: 2207681
index: 2599
kmerIdx: 2208669
index: 2601
kmerIdx: 2208985
index: 2602
kmerIdx: 2209115
index: 2604
kmerIdx: 2209359
index: 2605
kmerIdx: 2209586
index: 2607
kmerIdx: 2209712
index: 2610
kmerIdx: 2210273
index: 2611
kmerIdx: 2210332
index: 2613
kmerIdx: 2210682
index: 2615
kmerIdx: 2211683
index: 2616
kmerIdx: 2212269
index: 2617
kmerIdx: 2212570
index: 2618
kmerIdx: 2212836
index: 2619
kmerIdx: 2212881
index: 2623
kmerIdx: 2213639
index: 2624
kmerIdx: 2213687
index: 2625
kmerIdx: 2213862
index: 2627
kmerIdx: 2214207
index: 2628
kmerIdx: 2214601
index: 2630
kmerIdx: 2215070
index: 2631
kmerIdx: 2215199
index: 2632
kmerIdx: 2215567
index: 2634
kmerIdx: 2215614
index: 2636
kmerIdx: 2216343
index: 2638
kmerIdx: 2217516
index: 2639
kmerIdx: 2217545
index: 2640
kmerIdx: 2217676
index: 2641
kmerIdx: 2217840
index: 2643
kmerIdx: 2218054
index: 2644
kmerIdx: 2219052
index: 2645
kmerIdx: 2219138
index: 2648
kmerIdx: 2220028
index: 2649
kmerIdx: 2220308
index: 2650
kmerIdx: 2220502
index: 2652
kmerIdx: 2220928
index: 2655
kmerIdx: 2221480
index: 2657
kmerIdx: 2221698
index: 2658
kmerIdx: 2222032
index: 2659
kmerIdx: 2222052
index: 2660
kmerIdx: 2222098
index: 2661
kmerIdx: 2222220
index: 2662
kmerIdx: 2222338
index: 2664
kmerIdx: 2222784
index: 2665
kmerIdx: 2222870
index: 2666
kmerIdx: 2223280
index: 2669
kmerIdx: 2224124
index: 2672
kmerIdx: 2225080
index: 2674
kmerIdx: 2225333
index: 2675
kmerIdx: 2225822
index: 2677
kmerIdx: 2226257
index: 2678
kmerIdx: 2226437
index: 2680
kmerIdx: 2226761
index: 2681
kmerIdx: 2227056
index: 2684
kmerIdx: 2227884
index: 2686
kmerIdx: 2228188
index: 2689
kmerIdx: 2229253
index: 2690
kmerIdx: 2229808
index: 2691
kmerIdx: 2230222
index: 2693
kmerIdx: 2230642
index: 2695
kmerIdx: 2231067
index: 2697
kmerIdx: 2231146
index: 2698
kmerIdx: 2231207
index: 2699
kmerIdx: 2231229
index: 2701
kmerIdx: 2231398
index: 2702
kmerIdx: 2231918
index: 2704
kmerIdx: 2232543
index: 2705
kmerIdx: 2232788
index: 2706
kmerIdx: 2233240
index: 2707
kmerIdx: 2233297
index: 2708
kmerIdx: 2233703
index: 2709
kmerIdx: 2233756
index: 2710
kmerIdx: 2234263
index: 2713
kmerIdx: 2234843
index: 2714
kmerIdx: 2235199
index: 2715
kmerIdx: 2235745
index: 2717
kmerIdx: 2235943
index: 2718
kmerIdx: 2236028
index: 2720
kmerIdx: 2236391
index: 2722
kmerIdx: 2236773
index: 2723
kmerIdx: 2236846
index: 2724
kmerIdx: 2236927
index: 2725
kmerIdx: 2237002
index: 2726
kmerIdx: 2237202
index: 2730
kmerIdx: 2237533
index: 2731
kmerIdx: 2237709
index: 2732
kmerIdx: 2237841
index: 2734
kmerIdx: 2238445
index: 2735
kmerIdx: 2238900
index: 2737
kmerIdx: 2239738
index: 2738
kmerIdx: 2239900
index: 2740
kmerIdx: 2240628
index: 2741
kmerIdx: 2240749
index: 2743
kmerIdx: 2240833
index: 2744
kmerIdx: 2241284
index: 2745
kmerIdx: 2241438
index: 2748
kmerIdx: 2241905
index: 2751
kmerIdx: 2242586
index: 2752
kmerIdx: 2242619
index: 2753
kmerIdx: 2243020
index: 2755
kmerIdx: 2243301
index: 2756
kmerIdx: 2243379
index: 2759
kmerIdx: 2243731
index: 2761
kmerIdx: 2244733
index: 2762
kmerIdx: 2244783
index: 2764
kmerIdx: 2245036
index: 2765
kmerIdx: 2245323
index: 2768
kmerIdx: 2245573
index: 2769
kmerIdx: 2246070
index: 2770
kmerIdx: 2246141
index: 2771
kmerIdx: 2246343
index: 2774
kmerIdx: 2246506
index: 2776
kmerIdx: 2246835
index: 2777
kmerIdx: 2246907
index: 2778
kmerIdx: 2246937
index: 2779
kmerIdx: 2246964
index: 2780
kmerIdx: 2247187
index: 2781
kmerIdx: 2247339
index: 2782
kmerIdx: 2247545
index: 2784
kmerIdx: 2247841
index: 2785
kmerIdx: 2247935
index: 2787
kmerIdx: 2248310
index: 2788
kmerIdx: 2248366
index: 2789
kmerIdx: 2248646
index: 2790
kmerIdx: 2248683
index: 2791
kmerIdx: 2248748
index: 2792
kmerIdx: 2248867
index: 2793
kmerIdx: 2248908
index: 2794
kmerIdx: 2249047
index: 2796
kmerIdx: 2249472
index: 2798
kmerIdx: 2250071
index: 2799
kmerIdx: 2250287
index: 2800
kmerIdx: 2250581
index: 2801
kmerIdx: 2250805
index: 2802
kmerIdx: 2251204
index: 2805
kmerIdx: 2251607
index: 2806
kmerIdx: 2251744
index: 2808
kmerIdx: 2252062
index: 2809
kmerIdx: 2252089
index: 2810
kmerIdx: 2252151
index: 2811
kmerIdx: 2252181
index: 2812
kmerIdx: 2252391
index: 2813
kmerIdx: 2252524
index: 2814
kmerIdx: 2252700
index: 2815
kmerIdx: 2252792
index: 2816
kmerIdx: 2252918
index: 2818
kmerIdx: 2253119
index: 2819
kmerIdx: 2253144
index: 2820
kmerIdx: 2253271
index: 2821
kmerIdx: 2253469
index: 2823
kmerIdx: 2253972
index: 2824
kmerIdx: 2254202
index: 2825
kmerIdx: 2254284
index: 2826
kmerIdx: 2254309
index: 2827
kmerIdx: 2254491
index: 2829
kmerIdx: 2254564
index: 2831
kmerIdx: 2254800
index: 2832
kmerIdx: 2255086
index: 2834
kmerIdx: 2255149
index: 2835
kmerIdx: 2255450
index: 2836
kmerIdx: 2255716
index: 2837
kmerIdx: 2255863
index: 2839
kmerIdx: 2256019
index: 2840
kmerIdx: 2256042
index: 2841
kmerIdx: 2256285
index: 2842
kmerIdx: 2256373
index: 2843
kmerIdx: 2256517
index: 2844
kmerIdx: 2256572
index: 2845
kmerIdx: 2256856
index: 2846
kmerIdx: 2257197
index: 2847
kmerIdx: 2257289
index: 2850
kmerIdx: 2257623
index: 2851
kmerIdx: 2257906
index: 2852
kmerIdx: 2258089
index: 2853
kmerIdx: 2258124
index: 2854
kmerIdx: 2258354
index: 2855
kmerIdx: 2258382
index: 2856
kmerIdx: 2258532
index: 2858
kmerIdx: 2258619
index: 2859
kmerIdx: 2259054
index: 2860
kmerIdx: 2259101
index: 2861
kmerIdx: 2259209
index: 2863
kmerIdx: 2259432
index: 2864
kmerIdx: 2259452
index: 2865
kmerIdx: 2259507
index: 2866
kmerIdx: 2259531
index: 2868
kmerIdx: 2259763
index: 2869
kmerIdx: 2259783
index: 2870
kmerIdx: 2259805
index: 2872
kmerIdx: 2259887
index: 2873
kmerIdx: 2259914
index: 2874
kmerIdx: 2259966
index: 2875
kmerIdx: 2259998
index: 2876
kmerIdx: 2260072
index: 2877
kmerIdx: 2260487
index: 2879
kmerIdx: 2260574
index: 2880
kmerIdx: 2260811
index: 2881
kmerIdx: 2260905
index: 2882
kmerIdx: 2260961
index: 2883
kmerIdx: 2260996
index: 2884
kmerIdx: 2261105
index: 2886
kmerIdx: 2261127
index: 2888
kmerIdx: 2261165
index: 2889
kmerIdx: 2261203
index: 2890
kmerIdx: 2261259
index: 2891
kmerIdx: 2261305
index: 2892
kmerIdx: 2261343
index: 2893
kmerIdx: 2261460
index: 2894
kmerIdx: 2261482
index: 2895
kmerIdx: 2261503
index: 2897
kmerIdx: 2261646
index: 2899
kmerIdx: 2261738
index: 2901
kmerIdx: 2261827
index: 2902
kmerIdx: 2261849
index: 2903
kmerIdx: 2261870
index: 2904
kmerIdx: 2261894
index: 2905
kmerIdx: 2261928
index: 2906
kmerIdx: 2262037
index: 2908
kmerIdx: 2262224
index: 2909
kmerIdx: 2262249
index: 2910
kmerIdx: 2262297
index: 2911
kmerIdx: 2262426
index: 2912
kmerIdx: 2262454
index: 2913
kmerIdx: 2262481
index: 2916
kmerIdx: 2262663
index: 2917
kmerIdx: 2262695
index: 2918
kmerIdx: 2262742
index: 2919
kmerIdx: 2262840
index: 2920
kmerIdx: 2262865
index: 2921
kmerIdx: 2262894
index: 2922
kmerIdx: 2262934
index: 2923
kmerIdx: 2263102
index: 2924
kmerIdx: 2263165
index: 2925
kmerIdx: 2263214
index: 2926
kmerIdx: 2263256
index: 2927
kmerIdx: 2263311
index: 2929
kmerIdx: 2263470
index: 2930
kmerIdx: 2263494
index: 2932
kmerIdx: 2263627
index: 2933
kmerIdx: 2263713
index: 2934
kmerIdx: 2263759
index: 2935
kmerIdx: 2263784
index: 2936
kmerIdx: 2263815
index: 2938
kmerIdx: 2263948
index: 2939
kmerIdx: 2263978
index: 2940
kmerIdx: 2264002
index: 2941
kmerIdx: 2264035
index: 2942
kmerIdx: 2264055
index: 2943
kmerIdx: 2264092
index: 2944
kmerIdx: 2264150
index: 2945
kmerIdx: 2264205
index: 2946
kmerIdx: 2264233
index: 2947
kmerIdx: 2264358
index: 2948
kmerIdx: 2264382
index: 2949
kmerIdx: 2264422
index: 2950
kmerIdx: 2264454
index: 2951
kmerIdx: 2264486
index: 2952
kmerIdx: 2264574
index: 2953
kmerIdx: 2264643
index: 2954
kmerIdx: 2264674
index: 2956
kmerIdx: 2264773
index: 2957
kmerIdx: 2264821
index: 2960
kmerIdx: 2264942
index: 2961
kmerIdx: 2264962
index: 2962
kmerIdx: 2265012
index: 2963
kmerIdx: 2265048
index: 2964
kmerIdx: 2265083
index: 2966
kmerIdx: 2265106
index: 2967
kmerIdx: 2265167
index: 2968
kmerIdx: 2265220
index: 2969
kmerIdx: 2265251
index: 2970
kmerIdx: 2265300
index: 2971
kmerIdx: 2265320
index: 2972
kmerIdx: 2265386
index: 2973
kmerIdx: 2265421
index: 2974
kmerIdx: 2265442
index: 2975
kmerIdx: 2265495
index: 2976
kmerIdx: 2265526
index: 2977
kmerIdx: 2265560
index: 2978
kmerIdx: 2265632
index: 2979
kmerIdx: 2265704
index: 2980
kmerIdx: 2265753
index: 2981
kmerIdx: 2265779
index: 2982
kmerIdx: 2265809
index: 2983
kmerIdx: 2265847
index: 2984
kmerIdx: 2265869
index: 2986
kmerIdx: 2265934
index: 2987
kmerIdx: 2265960
index: 2988
kmerIdx: 2266012
index: 2989
kmerIdx: 2266043
index: 2990
kmerIdx: 2266071
index: 2991
kmerIdx: 2266116
index: 2992
kmerIdx: 2266136
index: 2993
kmerIdx: 2266203
index: 2994
kmerIdx: 2266237
index: 2995
kmerIdx: 2266257
index: 2996
kmerIdx: 2266280
index: 2997
kmerIdx: 2266320
index: 2998
kmerIdx: 2266342
index: 2999
kmerIdx: 2266362
index: 3000
kmerIdx: 2266382
index: 3002
kmerIdx: 2266404
index: 3007
kmerIdx: 2268345
index: 3010
kmerIdx: 2269146
index: 3018
kmerIdx: 2271737
index: 3024
kmerIdx: 2273842
index: 3038
kmerIdx: 2278053
index: 3045
kmerIdx: 2281040
index: 3047
kmerIdx: 2281662
index: 3049
kmerIdx: 2282390
index: 3050
kmerIdx: 2282570
index: 3058
kmerIdx: 2288006
index: 3060
kmerIdx: 2289608
index: 3062
kmerIdx: 2290144
index: 3069
kmerIdx: 2293362
index: 3074
kmerIdx: 2296745
index: 3087
kmerIdx: 2301259
index: 3094
kmerIdx: 2303278
index: 3099
kmerIdx: 2304700
index: 3106
kmerIdx: 2307443
index: 3115
kmerIdx: 2310779
index: 3123
kmerIdx: 2313425
index: 3126
kmerIdx: 2315005
index: 3133
kmerIdx: 2316986
index: 3134
kmerIdx: 2317351
index: 3143
kmerIdx: 2320255
index: 3147
kmerIdx: 2322128
index: 3149
kmerIdx: 2322566
index: 3150
kmerIdx: 2323113
index: 3157
kmerIdx: 2325365
index: 3167
kmerIdx: 2328233
index: 3173
kmerIdx: 2330377
index: 3176
kmerIdx: 2331440
index: 3181
kmerIdx: 2332866
index: 3182
kmerIdx: 2333178
index: 3191
kmerIdx: 2335990
index: 3198
kmerIdx: 2336889
index: 3199
kmerIdx: 2337083
index: 3201
kmerIdx: 2337305
index: 3204
kmerIdx: 2338536
index: 3220
kmerIdx: 2343806
index: 3225
kmerIdx: 2345471
index: 3232
kmerIdx: 2346904
index: 3240
kmerIdx: 2349107
index: 3242
kmerIdx: 2350026
index: 3249
kmerIdx: 2351337
index: 3250
kmerIdx: 2351361
index: 3256
kmerIdx: 2353556
index: 3260
kmerIdx: 2354168
index: 3261
kmerIdx: 2354781
index: 3265
kmerIdx: 2356776
index: 3274
kmerIdx: 2359168
index: 3286
kmerIdx: 2361382
index: 3288
kmerIdx: 2361595
index: 3293
kmerIdx: 2362824
index: 3295
kmerIdx: 2363778
index: 3298
kmerIdx: 2364773
index: 3303
kmerIdx: 2365791
index: 3307
kmerIdx: 2366977
index: 3319
kmerIdx: 2370189
index: 3337
kmerIdx: 2373929
index: 3366
kmerIdx: 2378209
index: 3369
kmerIdx: 2379620
index: 3376
kmerIdx: 2380372
index: 3385
kmerIdx: 2381793
index: 3388
kmerIdx: 2382187
index: 3409
kmerIdx: 2385862
index: 3423
kmerIdx: 2388576
index: 3425
kmerIdx: 2388729
index: 3440
kmerIdx: 2390979
index: 3453
kmerIdx: 2392556
index: 3486
kmerIdx: 2397239
index: 3504
kmerIdx: 2398565
index: 3505
kmerIdx: 2398602
index: 3583
kmerIdx: 2403504
index: 3585
kmerIdx: 2404202
index: 3589
kmerIdx: 2405402
index: 3592
kmerIdx: 2406551
index: 3595
kmerIdx: 2407916
index: 3597
kmerIdx: 2409006
index: 3598
kmerIdx: 2409583
index: 3602
kmerIdx: 2409952
index: 3607
kmerIdx: 2410744
index: 3608
kmerIdx: 2411616
index: 3611
kmerIdx: 2413774
index: 3614
kmerIdx: 2416913
index: 3616
kmerIdx: 2418000
index: 3622
kmerIdx: 2420164
index: 3624
kmerIdx: 2421233
index: 3633
kmerIdx: 2424526
index: 3634
kmerIdx: 2424792
index: 3635
kmerIdx: 2425344
index: 3638
kmerIdx: 2425903
index: 3641
kmerIdx: 2427404
index: 3644
kmerIdx: 2428683
index: 3647
kmerIdx: 2429324
index: 3649
kmerIdx: 2429918
index: 3651
kmerIdx: 2430367
index: 3652
kmerIdx: 2431722
index: 3657
kmerIdx: 2434272
index: 3661
kmerIdx: 2436595
index: 3663
kmerIdx: 2437912
index: 3665
kmerIdx: 2438189
index: 3668
kmerIdx: 2440861
index: 3671
kmerIdx: 2442304
index: 3674
kmerIdx: 2443103
index: 3678
kmerIdx: 2445551
index: 3680
kmerIdx: 2446334
index: 3681
kmerIdx: 2446376
index: 3684
kmerIdx: 2448183
index: 3689
kmerIdx: 2450216
index: 3696
kmerIdx: 2451540
index: 3697
kmerIdx: 2452821
index: 3702
kmerIdx: 2453897
index: 3708
kmerIdx: 2457614
index: 3709
kmerIdx: 2458198
index: 3711
kmerIdx: 2459329
index: 3714
kmerIdx: 2461143
index: 3717
kmerIdx: 2462574
index: 3719
kmerIdx: 2463787
index: 3720
kmerIdx: 2464001
index: 3724
kmerIdx: 2465957
index: 3731
kmerIdx: 2469532
index: 3733
kmerIdx: 2470172
index: 3737
kmerIdx: 2472615
index: 3741
kmerIdx: 2474418
index: 3743
kmerIdx: 2475629
index: 3748
kmerIdx: 2477366
index: 3752
kmerIdx: 2479984
index: 3755
kmerIdx: 2481415
index: 3758
kmerIdx: 2482264
index: 3762
kmerIdx: 2483475
index: 3765
kmerIdx: 2484270
index: 3770
kmerIdx: 2485999
index: 3775
kmerIdx: 2488944
index: 3776
kmerIdx: 2489588
index: 3780
kmerIdx: 2491167
index: 3781
kmerIdx: 2491198
index: 3783
kmerIdx: 2491869
index: 3789
kmerIdx: 2493917
index: 3791
kmerIdx: 2495103
index: 3792
kmerIdx: 2495792
index: 3793
kmerIdx: 2495991
index: 3797
kmerIdx: 2497561
index: 3807
kmerIdx: 2502602
index: 3818
kmerIdx: 2505466
index: 3821
kmerIdx: 2506525
index: 3826
kmerIdx: 2508959
index: 3832
kmerIdx: 2511190
index: 3840
kmerIdx: 2515528
index: 3842
kmerIdx: 2515790
index: 3845
kmerIdx: 2516158
index: 3852
kmerIdx: 2518138
index: 3856
kmerIdx: 2519456
index: 3859
kmerIdx: 2520101
index: 3860
kmerIdx: 2520469
index: 3866
kmerIdx: 2521814
index: 3871
kmerIdx: 2522976
index: 3881
kmerIdx: 2524772
index: 3883
kmerIdx: 2525238
index: 3885
kmerIdx: 2525982
index: 3889
kmerIdx: 2527432
index: 3890
kmerIdx: 2527502
index: 3892
kmerIdx: 2528177
index: 3895
kmerIdx: 2528603
index: 3897
kmerIdx: 2529421
index: 3900
kmerIdx: 2530714
index: 3904
kmerIdx: 2531748
index: 3906
kmerIdx: 2533207
index: 3909
kmerIdx: 2533512
index: 3911
kmerIdx: 2533809
index: 3914
kmerIdx: 2534502
index: 3917
kmerIdx: 2535414
index: 3919
kmerIdx: 2535817
index: 3925
kmerIdx: 2536563
index: 3930
kmerIdx: 2537450
index: 3934
kmerIdx: 2538538
index: 3938
kmerIdx: 2539863
index: 3942
kmerIdx: 2541299
index: 3951
kmerIdx: 2543091
index: 3960
kmerIdx: 2546132
index: 3965
kmerIdx: 2548055
index: 3969
kmerIdx: 2548935
index: 3971
kmerIdx: 2549577
index: 3972
kmerIdx: 2549738
index: 3975
kmerIdx: 2551081
index: 3976
kmerIdx: 2551682
index: 3979
kmerIdx: 2552018
index: 3981
kmerIdx: 2552676
index: 3985
kmerIdx: 2554387
index: 3986
kmerIdx: 2554548
index: 3991
kmerIdx: 2555686
index: 3993
kmerIdx: 2556069
index: 3996
kmerIdx: 2556581
index: 4002
kmerIdx: 2558670
index: 4012
kmerIdx: 2560982
index: 4014
kmerIdx: 2561954
index: 4018
kmerIdx: 2563138
index: 4020
kmerIdx: 2563549
index: 4029
kmerIdx: 2565751
index: 4040
kmerIdx: 2568879
index: 4047
kmerIdx: 2570530
index: 4056
kmerIdx: 2572080
index: 4060
kmerIdx: 2572713
index: 4071
kmerIdx: 2573822
index: 4087
kmerIdx: 2576862
index: 4094
kmerIdx: 2578221
index: 4098
kmerIdx: 2579080
index: 4111
kmerIdx: 2581293
index: 4116
kmerIdx: 2581819
index: 4127
kmerIdx: 2583503
index: 4133
kmerIdx: 2583909
index: 4149
kmerIdx: 2585592
index: 4162
kmerIdx: 2586595
index: 4166
kmerIdx: 2587098
index: 4181
kmerIdx: 2588650
index: 4185
kmerIdx: 2588895
index: 4194
kmerIdx: 2589448
index: 4217
kmerIdx: 2590732
index: 4243
kmerIdx: 2592139
index: 4271
kmerIdx: 2594026
index: 4272
kmerIdx: 2594636
index: 4273
kmerIdx: 2595233
index: 4275
kmerIdx: 2596813
index: 4281
kmerIdx: 2599885
index: 4284
kmerIdx: 2602447
index: 4285
kmerIdx: 2602663
index: 4287
kmerIdx: 2603641
index: 4288
kmerIdx: 2603870
index: 4290
kmerIdx: 2604559
index: 4292
kmerIdx: 2605606
index: 4294
kmerIdx: 2606612
index: 4297
kmerIdx: 2607486
index: 4302
kmerIdx: 2610308
index: 4304
kmerIdx: 2611524
index: 4306
kmerIdx: 2612136
index: 4307
kmerIdx: 2612516
index: 4308
kmerIdx: 2613229
index: 4311
kmerIdx: 2614358
index: 4313
kmerIdx: 2615315
index: 4318
kmerIdx: 2617044
index: 4319
kmerIdx: 2617683
index: 4321
kmerIdx: 2618296
index: 4322
kmerIdx: 2618994
index: 4324
kmerIdx: 2619529
index: 4326
kmerIdx: 2620597
index: 4327
kmerIdx: 2621270
index: 4328
kmerIdx: 2621890
index: 4329
kmerIdx: 2622115
index: 4330
kmerIdx: 2623205
index: 4332
kmerIdx: 2624221
index: 4335
kmerIdx: 2625536
index: 4336
kmerIdx: 2626051
index: 4337
kmerIdx: 2626200
index: 4341
kmerIdx: 2627984
index: 4342
kmerIdx: 2628522
index: 4344
kmerIdx: 2628783
index: 4346
kmerIdx: 2629069
index: 4347
kmerIdx: 2629422
index: 4351
kmerIdx: 2632188
index: 4352
kmerIdx: 2632324
index: 4353
kmerIdx: 2632644
index: 4357
kmerIdx: 2633147
index: 4361
kmerIdx: 2634183
index: 4363
kmerIdx: 2634760
index: 4365
kmerIdx: 2636485
index: 4368
kmerIdx: 2638339
index: 4369
kmerIdx: 2638524
index: 4372
kmerIdx: 2640728
index: 4376
kmerIdx: 2644318
index: 4377
kmerIdx: 2645413
index: 4382
kmerIdx: 2648209
index: 4390
kmerIdx: 2650877
index: 4391
kmerIdx: 2651597
index: 4392
kmerIdx: 2651895
index: 4393
kmerIdx: 2652787
index: 4394
kmerIdx: 2653398
index: 4395
kmerIdx: 2653476
index: 4399
kmerIdx: 2654941
index: 4401
kmerIdx: 2655451
index: 4403
kmerIdx: 2656836
index: 4405
kmerIdx: 2658017
index: 4408
kmerIdx: 2658800
index: 4412
kmerIdx: 2660066
index: 4417
kmerIdx: 2661467
index: 4418
kmerIdx: 2661630
index: 4419
kmerIdx: 2662024
index: 4422
kmerIdx: 2663214
index: 4424
kmerIdx: 2664488
index: 4428
kmerIdx: 2667758
index: 4431
kmerIdx: 2669196
index: 4434
kmerIdx: 2670558
index: 4435
kmerIdx: 2671267
index: 4439
kmerIdx: 2672405
index: 4442
kmerIdx: 2673971
index: 4445
kmerIdx: 2674588
index: 4446
kmerIdx: 2675087
index: 4447
kmerIdx: 2675138
index: 4448
kmerIdx: 2675901
index: 4450
kmerIdx: 2676719
index: 4451
kmerIdx: 2677997
index: 4455
kmerIdx: 2679723
index: 4457
kmerIdx: 2679871
index: 4459
kmerIdx: 2680792
index: 4460
kmerIdx: 2680931
index: 4463
kmerIdx: 2681524
index: 4466
kmerIdx: 2683433
index: 4470
kmerIdx: 2685158
index: 4474
kmerIdx: 2686771
index: 4476
kmerIdx: 2687563
index: 4477
kmerIdx: 2688955
index: 4480
kmerIdx: 2689546
index: 4481
kmerIdx: 2690464
index: 4484
kmerIdx: 2691394
index: 4485
kmerIdx: 2691467
index: 4486
kmerIdx: 2692224
index: 4490
kmerIdx: 2692930
index: 4491
kmerIdx: 2693360
index: 4492
kmerIdx: 2693406
index: 4495
kmerIdx: 2696141
index: 4496
kmerIdx: 2696538
index: 4498
kmerIdx: 2697508
index: 4502
kmerIdx: 2700606
index: 4503
kmerIdx: 2700690
index: 4505
kmerIdx: 2701517
index: 4508
kmerIdx: 2701987
index: 4512
kmerIdx: 2703567
index: 4514
kmerIdx: 2704913
index: 4516
kmerIdx: 2705770
index: 4518
kmerIdx: 2706420
index: 4519
kmerIdx: 2706960
index: 4520
kmerIdx: 2707011
index: 4521
kmerIdx: 2707439
index: 4522
kmerIdx: 2707723
index: 4527
kmerIdx: 2708813
index: 4529
kmerIdx: 2709448
index: 4530
kmerIdx: 2709919
index: 4533
kmerIdx: 2710624
index: 4534
kmerIdx: 2710943
index: 4535
kmerIdx: 2711788
index: 4538
kmerIdx: 2712472
index: 4539
kmerIdx: 2712682
index: 4541
kmerIdx: 2713430
index: 4544
kmerIdx: 2714337
index: 4546
kmerIdx: 2714916
index: 4548
kmerIdx: 2716185
index: 4549
kmerIdx: 2716727
index: 4551
kmerIdx: 2716979
index: 4553
kmerIdx: 2717616
index: 4556
kmerIdx: 2717980
index: 4558
kmerIdx: 2718601
index: 4561
kmerIdx: 2719915
index: 4562
kmerIdx: 2720681
index: 4563
kmerIdx: 2721361
index: 4565
kmerIdx: 2721978
index: 4566
kmerIdx: 2722238
index: 4569
kmerIdx: 2723572
index: 4572
kmerIdx: 2724346
index: 4574
kmerIdx: 2725202
index: 4576
kmerIdx: 2726304
index: 4578
kmerIdx: 2726469
index: 4579
kmerIdx: 2727068
index: 4582
kmerIdx: 2728146
index: 4583
kmerIdx: 2729260
index: 4584
kmerIdx: 2729368
index: 4587
kmerIdx: 2730324
index: 4589
kmerIdx: 2730989
index: 4592
kmerIdx: 2732226
index: 4594
kmerIdx: 2732548
index: 4599
kmerIdx: 2734308
index: 4600
kmerIdx: 2734497
index: 4604
kmerIdx: 2735467
index: 4606
kmerIdx: 2735913
index: 4609
kmerIdx: 2736568
index: 4610
kmerIdx: 2736709
index: 4612
kmerIdx: 2738317
index: 4615
kmerIdx: 2739208
index: 4617
kmerIdx: 2740273
index: 4619
kmerIdx: 2740633
index: 4620
kmerIdx: 2740686
index: 4621
kmerIdx: 2740830
index: 4623
kmerIdx: 2741270
index: 4626
kmerIdx: 2741735
index: 4631
kmerIdx: 2743361
index: 4632
kmerIdx: 2743738
index: 4633
kmerIdx: 2744417
index: 4634
kmerIdx: 2744448
index: 4635
kmerIdx: 2745241
index: 4639
kmerIdx: 2746482
index: 4642
kmerIdx: 2747775
index: 4643
kmerIdx: 2748279
index: 4644
kmerIdx: 2748349
index: 4645
kmerIdx: 2748387
index: 4646
kmerIdx: 2748433
index: 4648
kmerIdx: 2749539
index: 4651
kmerIdx: 2750633
index: 4656
kmerIdx: 2751888
index: 4657
kmerIdx: 2752207
index: 4658
kmerIdx: 2752589
index: 4661
kmerIdx: 2753974
index: 4663
kmerIdx: 2754526
index: 4666
kmerIdx: 2754945
index: 4669
kmerIdx: 2755535
index: 4671
kmerIdx: 2755806
index: 4673
kmerIdx: 2756304
index: 4675
kmerIdx: 2756512
index: 4676
kmerIdx: 2756537
index: 4677
kmerIdx: 2757152
index: 4679
kmerIdx: 2757484
index: 4680
kmerIdx: 2757778
index: 4681
kmerIdx: 2757929
index: 4683
kmerIdx: 2758266
index: 4685
kmerIdx: 2759428
index: 4686
kmerIdx: 2759955
index: 4687
kmerIdx: 2759987
index: 4690
kmerIdx: 2760905
index: 4693
kmerIdx: 2761817
index: 4694
kmerIdx: 2761975
index: 4697
kmerIdx: 2762643
index: 4698
kmerIdx: 2763288
index: 4700
kmerIdx: 2763680
index: 4701
kmerIdx: 2764223
index: 4702
kmerIdx: 2764640
index: 4704
kmerIdx: 2766123
index: 4705
kmerIdx: 2766228
index: 4708
kmerIdx: 2766951
index: 4709
kmerIdx: 2767453
index: 4710
kmerIdx: 2767572
index: 4712
kmerIdx: 2768013
index: 4714
kmerIdx: 2769206
index: 4716
kmerIdx: 2769388
index: 4718
kmerIdx: 2770378
index: 4720
kmerIdx: 2770757
index: 4724
kmerIdx: 2771037
index: 4726
kmerIdx: 2771615
index: 4727
kmerIdx: 2771812
index: 4728
kmerIdx: 2771866
index: 4730
kmerIdx: 2772751
index: 4731
kmerIdx: 2772990
index: 4733
kmerIdx: 2773818
index: 4735
kmerIdx: 2774424
index: 4737
kmerIdx: 2774880
index: 4739
kmerIdx: 2775083
index: 4740
kmerIdx: 2775421
index: 4741
kmerIdx: 2776004
index: 4742
kmerIdx: 2776166
index: 4744
kmerIdx: 2776307
index: 4746
kmerIdx: 2777074
index: 4747
kmerIdx: 2777534
index: 4748
kmerIdx: 2777577
index: 4749
kmerIdx: 2777742
index: 4754
kmerIdx: 2779374
index: 4755
kmerIdx: 2779718
index: 4757
kmerIdx: 2779918
index: 4759
kmerIdx: 2780404
index: 4760
kmerIdx: 2780646
index: 4765
kmerIdx: 2781444
index: 4766
kmerIdx: 2781788
index: 4767
kmerIdx: 2782029
index: 4770
kmerIdx: 2782261
index: 4772
kmerIdx: 2782627
index: 4774
kmerIdx: 2783193
index: 4779
kmerIdx: 2784190
index: 4780
kmerIdx: 2784702
index: 4782
kmerIdx: 2784794
index: 4783
kmerIdx: 2785573
index: 4786
kmerIdx: 2785923
index: 4788
kmerIdx: 2786139
index: 4790
kmerIdx: 2786274
index: 4791
kmerIdx: 2786603
index: 4795
kmerIdx: 2787418
index: 4796
kmerIdx: 2787767
index: 4797
kmerIdx: 2788313
index: 4798
kmerIdx: 2788344
index: 4799
kmerIdx: 2788432
index: 4801
kmerIdx: 2789217
index: 4803
kmerIdx: 2789709
index: 4806
kmerIdx: 2790692
index: 4807
kmerIdx: 2790759
index: 4809
kmerIdx: 2791905
index: 4812
kmerIdx: 2792609
index: 4813
kmerIdx: 2792796
index: 4815
kmerIdx: 2793087
index: 4817
kmerIdx: 2793789
index: 4819
kmerIdx: 2794258
index: 4820
kmerIdx: 2794284
index: 4821
kmerIdx: 2794475
index: 4822
kmerIdx: 2794671
index: 4823
kmerIdx: 2794700
index: 4824
kmerIdx: 2794740
index: 4825
kmerIdx: 2795209
index: 4827
kmerIdx: 2795567
index: 4828
kmerIdx: 2795589
index: 4830
kmerIdx: 2796019
index: 4831
kmerIdx: 2796108
index: 4834
kmerIdx: 2796381
index: 4836
kmerIdx: 2796906
index: 4838
kmerIdx: 2797249
index: 4839
kmerIdx: 2797590
index: 4840
kmerIdx: 2797814
index: 4841
kmerIdx: 2797909
index: 4843
kmerIdx: 2798198
index: 4844
kmerIdx: 2798331
index: 4845
kmerIdx: 2798431
index: 4846
kmerIdx: 2798540
index: 4848
kmerIdx: 2799106
index: 4849
kmerIdx: 2799286
index: 4850
kmerIdx: 2799765
index: 4852
kmerIdx: 2800267
index: 4853
kmerIdx: 2800552
index: 4854
kmerIdx: 2800995
index: 4855
kmerIdx: 2801121
index: 4856
kmerIdx: 2801225
index: 4857
kmerIdx: 2801270
index: 4859
kmerIdx: 2801504
index: 4860
kmerIdx: 2801526
index: 4862
kmerIdx: 2802270
index: 4863
kmerIdx: 2802349
index: 4865
kmerIdx: 2802504
index: 4866
kmerIdx: 2802806
index: 4867
kmerIdx: 2802882
index: 4868
kmerIdx: 2803085
index: 4869
kmerIdx: 2803216
index: 4870
kmerIdx: 2803378
index: 4872
kmerIdx: 2803627
index: 4873
kmerIdx: 2803713
index: 4874
kmerIdx: 2803996
index: 4875
kmerIdx: 2804092
index: 4877
kmerIdx: 2804206
index: 4879
kmerIdx: 2804524
index: 4880
kmerIdx: 2804609
index: 4881
kmerIdx: 2804847
index: 4882
kmerIdx: 2804944
index: 4884
kmerIdx: 2805382
index: 4885
kmerIdx: 2805979
index: 4887
kmerIdx: 2806445
index: 4889
kmerIdx: 2806945
index: 4890
kmerIdx: 2807023
index: 4891
kmerIdx: 2807126
index: 4892
kmerIdx: 2807228
index: 4895
kmerIdx: 2807471
index: 4896
kmerIdx: 2807559
index: 4897
kmerIdx: 2807697
index: 4899
kmerIdx: 2808091
index: 4900
kmerIdx: 2808132
index: 4901
kmerIdx: 2808194
index: 4902
kmerIdx: 2808337
index: 4903
kmerIdx: 2808417
index: 4904
kmerIdx: 2808469
index: 4905
kmerIdx: 2808501
index: 4906
kmerIdx: 2808550
index: 4909
kmerIdx: 2809018
index: 4910
kmerIdx: 2809074
index: 4911
kmerIdx: 2809393
index: 4913
kmerIdx: 2809528
index: 4914
kmerIdx: 2809578
index: 4915
kmerIdx: 2809719
index: 4916
kmerIdx: 2809751
index: 4917
kmerIdx: 2809781
index: 4918
kmerIdx: 2809862
index: 4919
kmerIdx: 2809884
index: 4920
kmerIdx: 2809948
index: 4921
kmerIdx: 2809991
index: 4922
kmerIdx: 2810274
index: 4924
kmerIdx: 2810729
index: 4925
kmerIdx: 2810904
index: 4926
kmerIdx: 2811126
index: 4928
kmerIdx: 2811447
index: 4929
kmerIdx: 2811965
index: 4930
kmerIdx: 2812183
index: 4931
kmerIdx: 2812209
index: 4933
kmerIdx: 2812678
index: 4934
kmerIdx: 2812741
index: 4935
kmerIdx: 2813011
index: 4936
kmerIdx: 2813218
index: 4937
kmerIdx: 2813247
index: 4938
kmerIdx: 2813267
index: 4939
kmerIdx: 2813369
index: 4940
kmerIdx: 2813455
index: 4941
kmerIdx: 2813554
index: 4942
kmerIdx: 2813669
index: 4943
kmerIdx: 2813758
index: 4945
kmerIdx: 2813999
index: 4946
kmerIdx: 2814115
index: 4948
kmerIdx: 2814199
index: 4949
kmerIdx: 2814232
index: 4951
kmerIdx: 2814326
index: 4952
kmerIdx: 2814436
index: 4955
kmerIdx: 2814720
index: 4956
kmerIdx: 2814762
index: 4957
kmerIdx: 2814795
index: 4958
kmerIdx: 2814933
index: 4959
kmerIdx: 2814973
index: 4960
kmerIdx: 2815371
index: 4961
kmerIdx: 2815646
index: 4962
kmerIdx: 2815695
index: 4965
kmerIdx: 2815770
index: 4966
kmerIdx: 2815894
index: 4967
kmerIdx: 2815975
index: 4969
kmerIdx: 2816004
index: 4970
kmerIdx: 2816218
index: 4971
kmerIdx: 2816371
index: 4973
kmerIdx: 2816411
index: 4974
kmerIdx: 2816439
index: 4975
kmerIdx: 2816468
index: 4976
kmerIdx: 2816574
index: 4977
kmerIdx: 2816750
index: 4978
kmerIdx: 2816854
index: 4979
kmerIdx: 2816886
index: 4980
kmerIdx: 2816972
index: 4981
kmerIdx: 2816995
index: 4982
kmerIdx: 2817197
index: 4983
kmerIdx: 2817221
index: 4984
kmerIdx: 2817293
index: 4985
kmerIdx: 2817324
index: 4986
kmerIdx: 2817344
index: 4987
kmerIdx: 2817402
index: 4988
kmerIdx: 2817566
index: 4989
kmerIdx: 2817602
index: 4990
kmerIdx: 2817663
index: 4991
kmerIdx: 2817696
index: 4992
kmerIdx: 2817742
index: 4993
kmerIdx: 2817857
index: 4994
kmerIdx: 2817899
index: 4996
kmerIdx: 2818063
index: 4998
kmerIdx: 2818337
index: 4999
kmerIdx: 2818547
index: 5000
kmerIdx: 2818598
index: 5001
kmerIdx: 2818672
index: 5002
kmerIdx: 2818718
index: 5004
kmerIdx: 2818791
index: 5005
kmerIdx: 2818817
index: 5006
kmerIdx: 2818884
index: 5007
kmerIdx: 2818904
index: 5008
kmerIdx: 2818938
index: 5009
kmerIdx: 2818960
index: 5010
kmerIdx: 2819087
index: 5011
kmerIdx: 2819112
index: 5012
kmerIdx: 2819155
index: 5013
kmerIdx: 2819187
index: 5014
kmerIdx: 2819207
index: 5015
kmerIdx: 2819312
index: 5016
kmerIdx: 2819343
index: 5018
kmerIdx: 2819413
index: 5020
kmerIdx: 2819657
index: 5021
kmerIdx: 2819706
index: 5022
kmerIdx: 2819836
index: 5023
kmerIdx: 2819867
index: 5024
kmerIdx: 2819898
index: 5025
kmerIdx: 2819970
index: 5026
kmerIdx: 2819994
index: 5027
kmerIdx: 2820042
index: 5028
kmerIdx: 2820145
index: 5030
kmerIdx: 2820170
index: 5031
kmerIdx: 2820196
index: 5032
kmerIdx: 2820220
index: 5033
kmerIdx: 2820355
index: 5034
kmerIdx: 2820506
index: 5035
kmerIdx: 2820537
index: 5036
kmerIdx: 2820569
index: 5037
kmerIdx: 2820763
index: 5039
kmerIdx: 2821010
index: 5040
kmerIdx: 2821058
index: 5041
kmerIdx: 2821110
index: 5042
kmerIdx: 2821290
index: 5043
kmerIdx: 2821317
index: 5044
kmerIdx: 2821384
index: 5045
kmerIdx: 2821416
index: 5046
kmerIdx: 2821444
index: 5047
kmerIdx: 2821525
index: 5048
kmerIdx: 2821566
index: 5049
kmerIdx: 2821591
index: 5050
kmerIdx: 2821680
index: 5051
kmerIdx: 2821831
index: 5052
kmerIdx: 2821860
index: 5053
kmerIdx: 2821966
index: 5054
kmerIdx: 2821993
index: 5055
kmerIdx: 2822039
index: 5056
kmerIdx: 2822080
index: 5057
kmerIdx: 2822111
index: 5058
kmerIdx: 2822138
index: 5059
kmerIdx: 2822161
index: 5060
kmerIdx: 2822205
index: 5061
kmerIdx: 2822228
index: 5062
kmerIdx: 2822276
index: 5063
kmerIdx: 2822316
index: 5064
kmerIdx: 2822337
index: 5065
kmerIdx: 2822378
index: 5066
kmerIdx: 2822422
index: 5067
kmerIdx: 2822486
index: 5068
kmerIdx: 2822520
index: 5069
kmerIdx: 2822554
index: 5070
kmerIdx: 2822579
index: 5071
kmerIdx: 2822604
index: 5072
kmerIdx: 2822641
index: 5073
kmerIdx: 2822669
index: 5074
kmerIdx: 2822723
index: 5076
kmerIdx: 2822750
index: 5077
kmerIdx: 2822788
index: 5078
kmerIdx: 2822813
index: 5079
kmerIdx: 2822838
index: 5080
kmerIdx: 2822893
index: 5081
kmerIdx: 2822915
index: 5082
kmerIdx: 2822953
index: 5083
kmerIdx: 2822973
index: 5084
kmerIdx: 2823055
index: 5085
kmerIdx: 2823086
index: 5086
kmerIdx: 2823114
index: 5087
kmerIdx: 2823152
index: 5089
kmerIdx: 2823174
index: 5090
kmerIdx: 2823217
index: 5091
kmerIdx: 2823237
index: 5092
kmerIdx: 2823260
index: 5093
kmerIdx: 2823286
index: 5094
kmerIdx: 2823307
index: 5095
kmerIdx: 2823330
index: 5096
kmerIdx: 2823366
index: 5097
kmerIdx: 2823391
index: 5098
kmerIdx: 2823422
index: 5099
kmerIdx: 2823450
index: 5100
kmerIdx: 2823480
index: 5101
kmerIdx: 2823516
index: 5103
kmerIdx: 2823540
index: 5104
kmerIdx: 2823606
index: 5105
kmerIdx: 2823661
index: 5106
kmerIdx: 2823682
index: 5107
kmerIdx: 2823732
index: 5108
kmerIdx: 2823767
index: 5109
kmerIdx: 2823787
index: 5111
kmerIdx: 2823808
index: 5112
kmerIdx: 2823828
index: 5124
kmerIdx: 2827686
index: 5125
kmerIdx: 2828140
index: 5129
kmerIdx: 2830237
index: 5145
kmerIdx: 2835336
index: 5146
kmerIdx: 2835392
index: 5150
kmerIdx: 2836974
index: 5161
kmerIdx: 2841740
index: 5163
kmerIdx: 2842070
index: 5169
kmerIdx: 2843922
index: 5170
kmerIdx: 2844190
index: 5172
kmerIdx: 2844350
index: 5175
kmerIdx: 2845604
index: 5176
kmerIdx: 2846352
index: 5186
kmerIdx: 2850766
index: 5189
kmerIdx: 2851762
index: 5191
kmerIdx: 2852772
index: 5194
kmerIdx: 2854085
index: 5196
kmerIdx: 2854790
index: 5202
kmerIdx: 2856732
index: 5210
kmerIdx: 2860437
index: 5219
kmerIdx: 2863576
index: 5223
kmerIdx: 2864587
index: 5232
kmerIdx: 2867615
index: 5239
kmerIdx: 2869086
index: 5245
kmerIdx: 2870577
index: 5253
kmerIdx: 2874214
index: 5264
kmerIdx: 2877358
index: 5267
kmerIdx: 2877679
index: 5285
kmerIdx: 2883978
index: 5292
kmerIdx: 2887143
index: 5306
kmerIdx: 2890165
index: 5312
kmerIdx: 2891634
index: 5323
kmerIdx: 2895061
index: 5324
kmerIdx: 2895173
index: 5327
kmerIdx: 2896300
index: 5333
kmerIdx: 2897634
index: 5336
kmerIdx: 2898524
index: 5337
kmerIdx: 2898715
index: 5345
kmerIdx: 2900849
index: 5358
kmerIdx: 2905594
index: 5363
kmerIdx: 2906604
index: 5366
kmerIdx: 2908119
index: 5370
kmerIdx: 2908571
index: 5374
kmerIdx: 2909492
index: 5378
kmerIdx: 2910672
index: 5388
kmerIdx: 2912082
index: 5392
kmerIdx: 2912625
index: 5399
kmerIdx: 2913998
index: 5402
kmerIdx: 2914951
index: 5412
kmerIdx: 2916610
index: 5417
kmerIdx: 2917856
index: 5427
kmerIdx: 2920357
index: 5433
kmerIdx: 2921524
index: 5449
kmerIdx: 2925710
index: 5460
kmerIdx: 2928195
index: 5467
kmerIdx: 2929704
index: 5474
kmerIdx: 2931041
index: 5477
kmerIdx: 2931824
index: 5479
kmerIdx: 2932202
index: 5480
kmerIdx: 2932633
index: 5492
kmerIdx: 2933561
index: 5499
kmerIdx: 2934885
index: 5504
kmerIdx: 2935948
index: 5509
kmerIdx: 2936984
index: 5535
kmerIdx: 2940147
index: 5551
kmerIdx: 2942592
index: 5566
kmerIdx: 2943923
index: 5572
kmerIdx: 2944320
index: 5582
kmerIdx: 2945073
index: 5602
kmerIdx: 2946943
index: 5615
kmerIdx: 2948429
index: 5636
kmerIdx: 2949714
index: 5639
kmerIdx: 2949782
index: 5669
kmerIdx: 2951588
index: 5702
kmerIdx: 2954514
index: 5703
kmerIdx: 2955637
index: 5704
kmerIdx: 2956881
index: 5705
kmerIdx: 2959981
index: 5706
kmerIdx: 2960304
index: 5707
kmerIdx: 2961719
index: 5708
kmerIdx: 2965929
index: 5709
kmerIdx: 2968993
index: 5710
kmerIdx: 2969565
index: 5711
kmerIdx: 2971758
index: 5712
kmerIdx: 2971799
index: 5713
kmerIdx: 2972748
index: 5714
kmerIdx: 2973143
index: 5715
kmerIdx: 2976333
index: 5716
kmerIdx: 2977161
index: 5717
kmerIdx: 2978215
index: 5718
kmerIdx: 2979080
index: 5719
kmerIdx: 2980356
index: 5720
kmerIdx: 2981411
index: 5721
kmerIdx: 2982723
index: 5722
kmerIdx: 2988114
index: 5723
kmerIdx: 2989232
index: 5724
kmerIdx: 2991727
index: 5725
kmerIdx: 2993755
index: 5726
kmerIdx: 2994072
index: 5727
kmerIdx: 2996038
index: 5728
kmerIdx: 2997548
index: 5729
kmerIdx: 2998318
index: 5730
kmerIdx: 3001097
index: 5731
kmerIdx: 3002700
index: 5732
kmerIdx: 3003641
index: 5733
kmerIdx: 3004352
index: 5734
kmerIdx: 3005683
index: 5735
kmerIdx: 3006448
final size: 5736
final list[150]: 0
hashTable[i]: 1684016
the ith bucket: 0
